# JRE version: OpenJDK Runtime Environment (11.0.10) (build 11.0.10+0-b96-7249189)
# Java VM: OpenJDK 64-Bit Server VM (11.0.10+0-b96-7249189, mixed mode, tiered, compressed oops, g1 gc, windows-amd64)
Heap:
 garbage-first heap   total 164864K, used 88576K [0x0000000082800000, 0x0000000100000000)
  region size 1024K, 42 young (43008K), 7 survivors (7168K)
 Metaspace       used 60072K, capacity 60665K, committed 60848K, reserved 1103872K
  class space    used 6603K, capacity 6819K, committed 6912K, reserved 1048576K
GC Heap History (16 events):
Event: 0.658 GC heap before
{Heap before GC invocations=0 (full 0):
 garbage-first heap   total 129024K, used 27648K [0x0000000082800000, 0x0000000100000000)
  region size 1024K, 24 young (24576K), 0 survivors (0K)
 Metaspace       used 12527K, capacity 12686K, committed 12800K, reserved 1060864K
  class space    used 1207K, capacity 1248K, committed 1280K, reserved 1048576K
}
Event: 0.663 GC heap after
{Heap after GC invocations=1 (full 0):
 garbage-first heap   total 129024K, used 6067K [0x0000000082800000, 0x0000000100000000)
  region size 1024K, 3 young (3072K), 3 survivors (3072K)
 Metaspace       used 12527K, capacity 12686K, committed 12800K, reserved 1060864K
  class space    used 1207K, capacity 1248K, committed 1280K, reserved 1048576K
}
Event: 1.295 GC heap before
{Heap before GC invocations=1 (full 0):
 garbage-first heap   total 129024K, used 38835K [0x0000000082800000, 0x0000000100000000)
  region size 1024K, 36 young (36864K), 3 survivors (3072K)
 Metaspace       used 20955K, capacity 21117K, committed 21296K, reserved 1069056K
  class space    used 2248K, capacity 2316K, committed 2432K, reserved 1048576K
}
Event: 1.307 GC heap after
{Heap after GC invocations=2 (full 0):
 garbage-first heap   total 129024K, used 9492K [0x0000000082800000, 0x0000000100000000)
  region size 1024K, 7 young (7168K), 7 survivors (7168K)
 Metaspace       used 20955K, capacity 21117K, committed 21296K, reserved 1069056K
  class space    used 2248K, capacity 2316K, committed 2432K, reserved 1048576K
}
Event: 2.229 GC heap before
{Heap before GC invocations=3 (full 0):
 garbage-first heap   total 129024K, used 61716K [0x0000000082800000, 0x0000000100000000)
  region size 1024K, 52 young (53248K), 7 survivors (7168K)
 Metaspace       used 29606K, capacity 29951K, committed 30128K, reserved 1075200K
  class space    used 3324K, capacity 3480K, committed 3584K, reserved 1048576K
}
Event: 2.254 GC heap after
{Heap after GC invocations=4 (full 0):
 garbage-first heap   total 129024K, used 14991K [0x0000000082800000, 0x0000000100000000)
  region size 1024K, 7 young (7168K), 7 survivors (7168K)
 Metaspace       used 29606K, capacity 29951K, committed 30128K, reserved 1075200K
  class space    used 3324K, capacity 3480K, committed 3584K, reserved 1048576K
}
Event: 2.749 GC heap before
{Heap before GC invocations=4 (full 0):
 garbage-first heap   total 129024K, used 42639K [0x0000000082800000, 0x0000000100000000)
  region size 1024K, 35 young (35840K), 7 survivors (7168K)
 Metaspace       used 35467K, capacity 35770K, committed 35888K, reserved 1081344K
  class space    used 4264K, capacity 4415K, committed 4480K, reserved 1048576K
}
Event: 2.768 GC heap after
{Heap after GC invocations=5 (full 0):
 garbage-first heap   total 129024K, used 18306K [0x0000000082800000, 0x0000000100000000)
  region size 1024K, 3 young (3072K), 3 survivors (3072K)
 Metaspace       used 35467K, capacity 35770K, committed 35888K, reserved 1081344K
  class space    used 4264K, capacity 4415K, committed 4480K, reserved 1048576K
}
Event: 3.629 GC heap before
{Heap before GC invocations=6 (full 0):
 garbage-first heap   total 129024K, used 73602K [0x0000000082800000, 0x0000000100000000)
  region size 1024K, 54 young (55296K), 3 survivors (3072K)
 Metaspace       used 42302K, capacity 42689K, committed 42800K, reserved 1087488K
  class space    used 5060K, capacity 5193K, committed 5248K, reserved 1048576K
}
Event: 3.649 GC heap after
{Heap after GC invocations=7 (full 0):
 garbage-first heap   total 164864K, used 24957K [0x0000000082800000, 0x0000000100000000)
  region size 1024K, 7 young (7168K), 7 survivors (7168K)
 Metaspace       used 42302K, capacity 42689K, committed 42800K, reserved 1087488K
  class space    used 5060K, capacity 5193K, committed 5248K, reserved 1048576K
}
Event: 4.753 GC heap before
{Heap before GC invocations=8 (full 0):
 garbage-first heap   total 164864K, used 90493K [0x0000000082800000, 0x0000000100000000)
  region size 1024K, 71 young (72704K), 7 survivors (7168K)
 Metaspace       used 45919K, capacity 46393K, committed 46768K, reserved 1091584K
  class space    used 5312K, capacity 5505K, committed 5632K, reserved 1048576K
}
Event: 4.786 GC heap after
{Heap after GC invocations=9 (full 0):
 garbage-first heap   total 164864K, used 36821K [0x0000000082800000, 0x0000000100000000)
  region size 1024K, 9 young (9216K), 9 survivors (9216K)
 Metaspace       used 45919K, capacity 46393K, committed 46768K, reserved 1091584K
  class space    used 5312K, capacity 5505K, committed 5632K, reserved 1048576K
}
Event: 6.078 GC heap before
{Heap before GC invocations=9 (full 0):
 garbage-first heap   total 164864K, used 102357K [0x0000000082800000, 0x0000000100000000)
  region size 1024K, 73 young (74752K), 9 survivors (9216K)
 Metaspace       used 50436K, capacity 50940K, committed 50992K, reserved 1093632K
  class space    used 5798K, capacity 5991K, committed 6016K, reserved 1048576K
}
Event: 6.114 GC heap after
{Heap after GC invocations=10 (full 0):
 garbage-first heap   total 164864K, used 46051K [0x0000000082800000, 0x0000000100000000)
  region size 1024K, 9 young (9216K), 9 survivors (9216K)
 Metaspace       used 50436K, capacity 50940K, committed 50992K, reserved 1093632K
  class space    used 5798K, capacity 5991K, committed 6016K, reserved 1048576K
}
Event: 7.503 GC heap before
{Heap before GC invocations=10 (full 0):
 garbage-first heap   total 164864K, used 109539K [0x0000000082800000, 0x0000000100000000)
  region size 1024K, 71 young (72704K), 9 survivors (9216K)
 Metaspace       used 53757K, capacity 54251K, committed 54320K, reserved 1097728K
  class space    used 5987K, capacity 6208K, committed 6272K, reserved 1048576K
}
Event: 7.539 GC heap after
{Heap after GC invocations=11 (full 0):
 garbage-first heap   total 164864K, used 53760K [0x0000000082800000, 0x0000000100000000)
  region size 1024K, 7 young (7168K), 7 survivors (7168K)
 Metaspace       used 53757K, capacity 54251K, committed 54320K, reserved 1097728K
  class space    used 5987K, capacity 6208K, committed 6272K, reserved 1048576K
}

