# JRE version: OpenJDK Runtime Environment (11.0.10) (build 11.0.10+0-b96-7249189)
# Java VM: OpenJDK 64-Bit Server VM (11.0.10+0-b96-7249189, mixed mode, tiered, compressed oops, g1 gc, windows-amd64)
Heap:
 garbage-first heap   total 166912K, used 100271K [0x0000000082800000, 0x0000000100000000)
  region size 1024K, 60 young (61440K), 10 survivors (10240K)
 Metaspace       used 57437K, capacity 57938K, committed 58032K, reserved 1103872K
  class space    used 6388K, capacity 6589K, committed 6656K, reserved 1048576K
GC Heap History (16 events):
Event: 0.638 GC heap before
{Heap before GC invocations=0 (full 0):
 garbage-first heap   total 129024K, used 27648K [0x0000000082800000, 0x0000000100000000)
  region size 1024K, 24 young (24576K), 0 survivors (0K)
 Metaspace       used 12521K, capacity 12622K, committed 12800K, reserved 1060864K
  class space    used 1207K, capacity 1248K, committed 1280K, reserved 1048576K
}
Event: 0.644 GC heap after
{Heap after GC invocations=1 (full 0):
 garbage-first heap   total 129024K, used 6087K [0x0000000082800000, 0x0000000100000000)
  region size 1024K, 3 young (3072K), 3 survivors (3072K)
 Metaspace       used 12521K, capacity 12622K, committed 12800K, reserved 1060864K
  class space    used 1207K, capacity 1248K, committed 1280K, reserved 1048576K
}
Event: 1.245 GC heap before
{Heap before GC invocations=1 (full 0):
 garbage-first heap   total 129024K, used 38855K [0x0000000082800000, 0x0000000100000000)
  region size 1024K, 36 young (36864K), 3 survivors (3072K)
 Metaspace       used 20967K, capacity 21117K, committed 21296K, reserved 1069056K
  class space    used 2248K, capacity 2316K, committed 2432K, reserved 1048576K
}
Event: 1.256 GC heap after
{Heap after GC invocations=2 (full 0):
 garbage-first heap   total 129024K, used 9354K [0x0000000082800000, 0x0000000100000000)
  region size 1024K, 7 young (7168K), 7 survivors (7168K)
 Metaspace       used 20967K, capacity 21117K, committed 21296K, reserved 1069056K
  class space    used 2248K, capacity 2316K, committed 2432K, reserved 1048576K
}
Event: 2.088 GC heap before
{Heap before GC invocations=3 (full 0):
 garbage-first heap   total 129024K, used 61578K [0x0000000082800000, 0x0000000100000000)
  region size 1024K, 52 young (53248K), 7 survivors (7168K)
 Metaspace       used 29657K, capacity 29952K, committed 30128K, reserved 1075200K
  class space    used 3332K, capacity 3480K, committed 3584K, reserved 1048576K
}
Event: 2.109 GC heap after
{Heap after GC invocations=4 (full 0):
 garbage-first heap   total 129024K, used 15153K [0x0000000082800000, 0x0000000100000000)
  region size 1024K, 7 young (7168K), 7 survivors (7168K)
 Metaspace       used 29657K, capacity 29952K, committed 30128K, reserved 1075200K
  class space    used 3332K, capacity 3480K, committed 3584K, reserved 1048576K
}
Event: 2.445 GC heap before
{Heap before GC invocations=4 (full 0):
 garbage-first heap   total 129024K, used 35633K [0x0000000082800000, 0x0000000100000000)
  region size 1024K, 27 young (27648K), 7 survivors (7168K)
 Metaspace       used 34149K, capacity 34453K, committed 34736K, reserved 1079296K
  class space    used 4119K, capacity 4253K, committed 4352K, reserved 1048576K
}
Event: 2.466 GC heap after
{Heap after GC invocations=5 (full 0):
 garbage-first heap   total 129024K, used 17830K [0x0000000082800000, 0x0000000100000000)
  region size 1024K, 3 young (3072K), 3 survivors (3072K)
 Metaspace       used 34149K, capacity 34453K, committed 34736K, reserved 1079296K
  class space    used 4119K, capacity 4253K, committed 4352K, reserved 1048576K
}
Event: 2.619 GC heap before
{Heap before GC invocations=5 (full 0):
 garbage-first heap   total 129024K, used 24998K [0x0000000082800000, 0x0000000100000000)
  region size 1024K, 11 young (11264K), 3 survivors (3072K)
 Metaspace       used 35462K, capacity 35771K, committed 35888K, reserved 1081344K
  class space    used 4264K, capacity 4415K, committed 4480K, reserved 1048576K
}
Event: 2.626 GC heap after
{Heap after GC invocations=6 (full 0):
 garbage-first heap   total 166912K, used 18010K [0x0000000082800000, 0x0000000100000000)
  region size 1024K, 3 young (3072K), 3 survivors (3072K)
 Metaspace       used 35462K, capacity 35771K, committed 35888K, reserved 1081344K
  class space    used 4264K, capacity 4415K, committed 4480K, reserved 1048576K
}
Event: 3.871 GC heap before
{Heap before GC invocations=7 (full 0):
 garbage-first heap   total 166912K, used 91738K [0x0000000082800000, 0x0000000100000000)
  region size 1024K, 72 young (73728K), 3 survivors (3072K)
 Metaspace       used 44318K, capacity 44713K, committed 44848K, reserved 1089536K
  class space    used 5257K, capacity 5435K, committed 5504K, reserved 1048576K
}
Event: 3.905 GC heap after
{Heap after GC invocations=8 (full 0):
 garbage-first heap   total 166912K, used 28520K [0x0000000082800000, 0x0000000100000000)
  region size 1024K, 9 young (9216K), 9 survivors (9216K)
 Metaspace       used 44318K, capacity 44713K, committed 44848K, reserved 1089536K
  class space    used 5257K, capacity 5435K, committed 5504K, reserved 1048576K
}
Event: 4.963 GC heap before
{Heap before GC invocations=9 (full 0):
 garbage-first heap   total 166912K, used 102248K [0x0000000082800000, 0x0000000100000000)
  region size 1024K, 81 young (82944K), 9 survivors (9216K)
 Metaspace       used 46746K, capacity 47182K, committed 47280K, reserved 1091584K
  class space    used 5397K, capacity 5576K, committed 5632K, reserved 1048576K
}
Event: 4.997 GC heap after
{Heap after GC invocations=10 (full 0):
 garbage-first heap   total 166912K, used 39716K [0x0000000082800000, 0x0000000100000000)
  region size 1024K, 11 young (11264K), 11 survivors (11264K)
 Metaspace       used 46746K, capacity 47182K, committed 47280K, reserved 1091584K
  class space    used 5397K, capacity 5576K, committed 5632K, reserved 1048576K
}
Event: 6.489 GC heap before
{Heap before GC invocations=10 (full 0):
 garbage-first heap   total 166912K, used 109348K [0x0000000082800000, 0x0000000100000000)
  region size 1024K, 79 young (80896K), 11 survivors (11264K)
 Metaspace       used 51979K, capacity 52487K, committed 52656K, reserved 1095680K
  class space    used 5876K, capacity 6071K, committed 6144K, reserved 1048576K
}
Event: 6.523 GC heap after
{Heap after GC invocations=11 (full 0):
 garbage-first heap   total 166912K, used 50095K [0x0000000082800000, 0x0000000100000000)
  region size 1024K, 10 young (10240K), 10 survivors (10240K)
 Metaspace       used 51979K, capacity 52487K, committed 52656K, reserved 1095680K
  class space    used 5876K, capacity 6071K, committed 6144K, reserved 1048576K
}

